Arguments: 
  C:\Program Files\nodejs\node.exe C:\Users\OrlandoV\AppData\Roaming\npm\node_modules\yarn\bin\yarn.js install

PATH: 
  C:\ProgramData\Oracle\Java\javapath;C:\Program Files (x86)\Intel\iCLS Client\;C:\Program Files\Intel\iCLS Client\;C:\Windows\system32;C:\Windows;C:\Windows\System32\Wbem;C:\Windows\System32\WindowsPowerShell\v1.0\;C:\Program Files\Intel\Intel(R) Management Engine Components\DAL;C:\Program Files\Intel\Intel(R) Management Engine Components\IPT;C:\Program Files (x86)\Intel\Intel(R) Management Engine Components\DAL;C:\Program Files (x86)\Intel\Intel(R) Management Engine Components\IPT;C:\Program Files\Intel\WiFi\bin\;C:\Program Files\Common Files\Intel\WirelessCommon\;C:\Program Files\Microsoft SQL Server\120\Tools\Binn\;C:\Program Files\Git\cmd;C:\Program Files\nodejs;C:\Program Files\nodejs\;C:\Program Files\Amazon\AWSCLI\;C:\Users\OrlandoV\AppData\Roaming\Dashlane\3.2.5.83379\bin\Firefox_Extension\{442718d9-475e-452a-b3e1-fb1ee16b8e9f}\components;C:\Users\OrlandoV\AppData\Roaming\Dashlane\4.6.0.17042\bin\Firefox_Extension\{442718d9-475e-452a-b3e1-fb1ee16b8e9f}\components;C:\Windows\System32;C:\Program Files (x86)\Microsoft VS Code\bin;C:\Users\OrlandoV\AppData\Roaming\Dashlane\4.6.5.21982\bin\Firefox_Extension\{442718d9-475e-452a-b3e1-fb1ee16b8e9f}\components;C:\Users\OrlandoV\AppData\Roaming\Dashlane\4.6.6.23032\bin\Firefox_Extension\{442718d9-475e-452a-b3e1-fb1ee16b8e9f}\components;C:\Users\OrlandoV\AppData\Roaming\npm;%DASHLANE_DLL_DIR%

Yarn version: 
  0.23.4

Node version: 
  6.10.1

Platform: 
  win32 x64

npm manifest: 
  {
    "name": "angular-playground",
    "version": "0.0.0",
    "license": "MIT",
    "scripts": {
      "ng": "ng",
      "start": "ng serve",
      "build": "ng build",
      "test": "ng test",
      "lint": "ng lint",
      "e2e": "ng e2e"
    },
    "private": true,
    "dependencies": {
      "@angular/animations": "^4.0.0",
      "@angular/common": "^4.0.0",
      "@angular/compiler": "^4.0.0",
      "@angular/core": "^4.0.0",
      "@angular/forms": "^4.0.0",
      "@angular/http": "^4.0.0",
      "@angular/platform-browser": "^4.0.0",
      "@angular/platform-browser-dynamic": "^4.0.0",
      "@angular/router": "^4.0.0",
      "core-js": "^2.4.1",
      "rxjs": "^5.1.0",
      "zone.js": "^0.8.4"
    },
    "devDependencies": {
      "@angular/cli": "1.2.1",
      "@angular/compiler-cli": "^4.0.0",
      "@angular/language-service": "^4.0.0",
      "@types/jasmine": "~2.5.53",
      "@types/jasminewd2": "~2.0.2",
      "@types/node": "~6.0.60",
      "codelyzer": "~3.0.1",
      "jasmine-core": "~2.6.2",
      "jasmine-spec-reporter": "~4.1.0",
      "karma": "~1.7.0",
      "karma-chrome-launcher": "~2.1.1",
      "karma-cli": "~1.0.1",
      "karma-coverage-istanbul-reporter": "^1.2.1",
      "karma-jasmine": "~1.1.0",
      "karma-jasmine-html-reporter": "^0.2.2",
      "protractor": "~5.1.2",
      "ts-node": "~3.0.4",
      "tslint": "~5.3.2",
      "typescript": "~2.3.3"
    }
  }

yarn manifest: 
  No manifest

Lockfile: 
  No lockfile

Trace: 
  Error: write EPIPE
      at exports._errnoException (util.js:1018:11)
      at Socket._writeGeneric (net.js:715:26)
      at Socket._write (net.js:734:8)
      at doWrite (_stream_writable.js:334:12)
      at writeOrBuffer (_stream_writable.js:320:5)
      at Socket.Writable.write (_stream_writable.js:247:11)
      at Socket.write (net.js:661:40)
      at ConsoleReporter._log (C:\Users\OrlandoV\AppData\Roaming\npm\node_modules\yarn\lib\reporters\console\console-reporter.js:174:17)
      at ConsoleReporter.log (C:\Users\OrlandoV\AppData\Roaming\npm\node_modules\yarn\lib\reporters\console\console-reporter.js:166:10)
      at ConsoleReporter.step (C:\Users\OrlandoV\AppData\Roaming\npm\node_modules\yarn\lib\reporters\console\console-reporter.js:119:10)
